  CBillBoard.cpp
C:\Users\hiram\OneDrive\デスクトップ\Git\GameProgramming\ゲームプログラミング実習2021\ゲームプログラミング実習2021 11\GameProgramming\CModelx.h(54,19): warning C4018: '<': signed と unsigned の数値を比較しようとしました。
C:\Users\hiram\OneDrive\デスクトップ\Git\GameProgramming\ゲームプログラミング実習2021\ゲームプログラミング実習2021 11\GameProgramming\CModelx.h(55,1): warning C4150: 'CSkinWeights' 型を削除するため delete 演算子が呼び出されましたが、定義がありません。
C:\Users\hiram\OneDrive\デスクトップ\Git\GameProgramming\ゲームプログラミング実習2021\ゲームプログラミング実習2021 11\GameProgramming\CModelx.h(15): message : 'CSkinWeights' の宣言を確認してください
C:\Users\hiram\OneDrive\デスクトップ\Git\GameProgramming\ゲームプログラミング実習2021\ゲームプログラミング実習2021 11\GameProgramming\CModelx.h(108,21): warning C4018: '<': signed と unsigned の数値を比較しようとしました。
C:\Users\hiram\OneDrive\デスクトップ\Git\GameProgramming\ゲームプログラミング実習2021\ゲームプログラミング実習2021 11\GameProgramming\CModelx.h(109,1): warning C4150: 'CAnimationSet' 型を削除するため delete 演算子が呼び出されましたが、定義がありません。
C:\Users\hiram\OneDrive\デスクトップ\Git\GameProgramming\ゲームプログラミング実習2021\ゲームプログラミング実習2021 11\GameProgramming\CModelx.h(16): message : 'CAnimationSet' の宣言を確認してください
  CBullet.cpp
C:\Users\hiram\OneDrive\デスクトップ\Git\GameProgramming\ゲームプログラミング実習2021\ゲームプログラミング実習2021 11\GameProgramming\CModelx.h(54,19): warning C4018: '<': signed と unsigned の数値を比較しようとしました。
C:\Users\hiram\OneDrive\デスクトップ\Git\GameProgramming\ゲームプログラミング実習2021\ゲームプログラミング実習2021 11\GameProgramming\CModelx.h(55,1): warning C4150: 'CSkinWeights' 型を削除するため delete 演算子が呼び出されましたが、定義がありません。
C:\Users\hiram\OneDrive\デスクトップ\Git\GameProgramming\ゲームプログラミング実習2021\ゲームプログラミング実習2021 11\GameProgramming\CModelx.h(15): message : 'CSkinWeights' の宣言を確認してください
C:\Users\hiram\OneDrive\デスクトップ\Git\GameProgramming\ゲームプログラミング実習2021\ゲームプログラミング実習2021 11\GameProgramming\CModelx.h(108,21): warning C4018: '<': signed と unsigned の数値を比較しようとしました。
C:\Users\hiram\OneDrive\デスクトップ\Git\GameProgramming\ゲームプログラミング実習2021\ゲームプログラミング実習2021 11\GameProgramming\CModelx.h(109,1): warning C4150: 'CAnimationSet' 型を削除するため delete 演算子が呼び出されましたが、定義がありません。
C:\Users\hiram\OneDrive\デスクトップ\Git\GameProgramming\ゲームプログラミング実習2021\ゲームプログラミング実習2021 11\GameProgramming\CModelx.h(16): message : 'CAnimationSet' の宣言を確認してください
  CCharacter.cpp
C:\Users\hiram\OneDrive\デスクトップ\Git\GameProgramming\ゲームプログラミング実習2021\ゲームプログラミング実習2021 11\GameProgramming\CModelx.h(54,19): warning C4018: '<': signed と unsigned の数値を比較しようとしました。
C:\Users\hiram\OneDrive\デスクトップ\Git\GameProgramming\ゲームプログラミング実習2021\ゲームプログラミング実習2021 11\GameProgramming\CModelx.h(55,1): warning C4150: 'CSkinWeights' 型を削除するため delete 演算子が呼び出されましたが、定義がありません。
C:\Users\hiram\OneDrive\デスクトップ\Git\GameProgramming\ゲームプログラミング実習2021\ゲームプログラミング実習2021 11\GameProgramming\CModelx.h(15): message : 'CSkinWeights' の宣言を確認してください
C:\Users\hiram\OneDrive\デスクトップ\Git\GameProgramming\ゲームプログラミング実習2021\ゲームプログラミング実習2021 11\GameProgramming\CModelx.h(108,21): warning C4018: '<': signed と unsigned の数値を比較しようとしました。
C:\Users\hiram\OneDrive\デスクトップ\Git\GameProgramming\ゲームプログラミング実習2021\ゲームプログラミング実習2021 11\GameProgramming\CModelx.h(109,1): warning C4150: 'CAnimationSet' 型を削除するため delete 演算子が呼び出されましたが、定義がありません。
C:\Users\hiram\OneDrive\デスクトップ\Git\GameProgramming\ゲームプログラミング実習2021\ゲームプログラミング実習2021 11\GameProgramming\CModelx.h(16): message : 'CAnimationSet' の宣言を確認してください
  CCollider.cpp
C:\Users\hiram\OneDrive\デスクトップ\Git\GameProgramming\ゲームプログラミング実習2021\ゲームプログラミング実習2021 11\GameProgramming\CModelx.h(54,19): warning C4018: '<': signed と unsigned の数値を比較しようとしました。
C:\Users\hiram\OneDrive\デスクトップ\Git\GameProgramming\ゲームプログラミング実習2021\ゲームプログラミング実習2021 11\GameProgramming\CModelx.h(55,1): warning C4150: 'CSkinWeights' 型を削除するため delete 演算子が呼び出されましたが、定義がありません。
C:\Users\hiram\OneDrive\デスクトップ\Git\GameProgramming\ゲームプログラミング実習2021\ゲームプログラミング実習2021 11\GameProgramming\CModelx.h(15): message : 'CSkinWeights' の宣言を確認してください
C:\Users\hiram\OneDrive\デスクトップ\Git\GameProgramming\ゲームプログラミング実習2021\ゲームプログラミング実習2021 11\GameProgramming\CModelx.h(108,21): warning C4018: '<': signed と unsigned の数値を比較しようとしました。
C:\Users\hiram\OneDrive\デスクトップ\Git\GameProgramming\ゲームプログラミング実習2021\ゲームプログラミング実習2021 11\GameProgramming\CModelx.h(109,1): warning C4150: 'CAnimationSet' 型を削除するため delete 演算子が呼び出されましたが、定義がありません。
C:\Users\hiram\OneDrive\デスクトップ\Git\GameProgramming\ゲームプログラミング実習2021\ゲームプログラミング実習2021 11\GameProgramming\CModelx.h(16): message : 'CAnimationSet' の宣言を確認してください
  CColliderLine.cpp
C:\Users\hiram\OneDrive\デスクトップ\Git\GameProgramming\ゲームプログラミング実習2021\ゲームプログラミング実習2021 11\GameProgramming\CModelx.h(54,19): warning C4018: '<': signed と unsigned の数値を比較しようとしました。
C:\Users\hiram\OneDrive\デスクトップ\Git\GameProgramming\ゲームプログラミング実習2021\ゲームプログラミング実習2021 11\GameProgramming\CModelx.h(55,1): warning C4150: 'CSkinWeights' 型を削除するため delete 演算子が呼び出されましたが、定義がありません。
C:\Users\hiram\OneDrive\デスクトップ\Git\GameProgramming\ゲームプログラミング実習2021\ゲームプログラミング実習2021 11\GameProgramming\CModelx.h(15): message : 'CSkinWeights' の宣言を確認してください
C:\Users\hiram\OneDrive\デスクトップ\Git\GameProgramming\ゲームプログラミング実習2021\ゲームプログラミング実習2021 11\GameProgramming\CModelx.h(108,21): warning C4018: '<': signed と unsigned の数値を比較しようとしました。
C:\Users\hiram\OneDrive\デスクトップ\Git\GameProgramming\ゲームプログラミング実習2021\ゲームプログラミング実習2021 11\GameProgramming\CModelx.h(109,1): warning C4150: 'CAnimationSet' 型を削除するため delete 演算子が呼び出されましたが、定義がありません。
C:\Users\hiram\OneDrive\デスクトップ\Git\GameProgramming\ゲームプログラミング実習2021\ゲームプログラミング実習2021 11\GameProgramming\CModelx.h(16): message : 'CAnimationSet' の宣言を確認してください
  CColliderMesh.cpp
C:\Users\hiram\OneDrive\デスクトップ\Git\GameProgramming\ゲームプログラミング実習2021\ゲームプログラミング実習2021 11\GameProgramming\CModelx.h(54,19): warning C4018: '<': signed と unsigned の数値を比較しようとしました。
C:\Users\hiram\OneDrive\デスクトップ\Git\GameProgramming\ゲームプログラミング実習2021\ゲームプログラミング実習2021 11\GameProgramming\CModelx.h(55,1): warning C4150: 'CSkinWeights' 型を削除するため delete 演算子が呼び出されましたが、定義がありません。
C:\Users\hiram\OneDrive\デスクトップ\Git\GameProgramming\ゲームプログラミング実習2021\ゲームプログラミング実習2021 11\GameProgramming\CModelx.h(15): message : 'CSkinWeights' の宣言を確認してください
C:\Users\hiram\OneDrive\デスクトップ\Git\GameProgramming\ゲームプログラミング実習2021\ゲームプログラミング実習2021 11\GameProgramming\CModelx.h(108,21): warning C4018: '<': signed と unsigned の数値を比較しようとしました。
C:\Users\hiram\OneDrive\デスクトップ\Git\GameProgramming\ゲームプログラミング実習2021\ゲームプログラミング実習2021 11\GameProgramming\CModelx.h(109,1): warning C4150: 'CAnimationSet' 型を削除するため delete 演算子が呼び出されましたが、定義がありません。
C:\Users\hiram\OneDrive\デスクトップ\Git\GameProgramming\ゲームプログラミング実習2021\ゲームプログラミング実習2021 11\GameProgramming\CModelx.h(16): message : 'CAnimationSet' の宣言を確認してください
C:\Users\hiram\OneDrive\デスクトップ\Git\GameProgramming\ゲームプログラミング実習2021\ゲームプログラミング実習2021 11\GameProgramming\CColliderMesh.cpp(21,20): warning C4018: '<': signed と unsigned の数値を比較しようとしました。
  CColliderTriangle.cpp
C:\Users\hiram\OneDrive\デスクトップ\Git\GameProgramming\ゲームプログラミング実習2021\ゲームプログラミング実習2021 11\GameProgramming\CModelx.h(54,19): warning C4018: '<': signed と unsigned の数値を比較しようとしました。
C:\Users\hiram\OneDrive\デスクトップ\Git\GameProgramming\ゲームプログラミング実習2021\ゲームプログラミング実習2021 11\GameProgramming\CModelx.h(55,1): warning C4150: 'CSkinWeights' 型を削除するため delete 演算子が呼び出されましたが、定義がありません。
C:\Users\hiram\OneDrive\デスクトップ\Git\GameProgramming\ゲームプログラミング実習2021\ゲームプログラミング実習2021 11\GameProgramming\CModelx.h(15): message : 'CSkinWeights' の宣言を確認してください
C:\Users\hiram\OneDrive\デスクトップ\Git\GameProgramming\ゲームプログラミング実習2021\ゲームプログラミング実習2021 11\GameProgramming\CModelx.h(108,21): warning C4018: '<': signed と unsigned の数値を比較しようとしました。
C:\Users\hiram\OneDrive\デスクトップ\Git\GameProgramming\ゲームプログラミング実習2021\ゲームプログラミング実習2021 11\GameProgramming\CModelx.h(109,1): warning C4150: 'CAnimationSet' 型を削除するため delete 演算子が呼び出されましたが、定義がありません。
C:\Users\hiram\OneDrive\デスクトップ\Git\GameProgramming\ゲームプログラミング実習2021\ゲームプログラミング実習2021 11\GameProgramming\CModelx.h(16): message : 'CAnimationSet' の宣言を確認してください
  CCollisionManager.cpp
C:\Users\hiram\OneDrive\デスクトップ\Git\GameProgramming\ゲームプログラミング実習2021\ゲームプログラミング実習2021 11\GameProgramming\CModelx.h(54,19): warning C4018: '<': signed と unsigned の数値を比較しようとしました。
C:\Users\hiram\OneDrive\デスクトップ\Git\GameProgramming\ゲームプログラミング実習2021\ゲームプログラミング実習2021 11\GameProgramming\CModelx.h(55,1): warning C4150: 'CSkinWeights' 型を削除するため delete 演算子が呼び出されましたが、定義がありません。
C:\Users\hiram\OneDrive\デスクトップ\Git\GameProgramming\ゲームプログラミング実習2021\ゲームプログラミング実習2021 11\GameProgramming\CModelx.h(15): message : 'CSkinWeights' の宣言を確認してください
C:\Users\hiram\OneDrive\デスクトップ\Git\GameProgramming\ゲームプログラミング実習2021\ゲームプログラミング実習2021 11\GameProgramming\CModelx.h(108,21): warning C4018: '<': signed と unsigned の数値を比較しようとしました。
C:\Users\hiram\OneDrive\デスクトップ\Git\GameProgramming\ゲームプログラミング実習2021\ゲームプログラミング実習2021 11\GameProgramming\CModelx.h(109,1): warning C4150: 'CAnimationSet' 型を削除するため delete 演算子が呼び出されましたが、定義がありません。
C:\Users\hiram\OneDrive\デスクトップ\Git\GameProgramming\ゲームプログラミング実習2021\ゲームプログラミング実習2021 11\GameProgramming\CModelx.h(16): message : 'CAnimationSet' の宣言を確認してください
  CEffect.cpp
C:\Users\hiram\OneDrive\デスクトップ\Git\GameProgramming\ゲームプログラミング実習2021\ゲームプログラミング実習2021 11\GameProgramming\CModelx.h(54,19): warning C4018: '<': signed と unsigned の数値を比較しようとしました。
C:\Users\hiram\OneDrive\デスクトップ\Git\GameProgramming\ゲームプログラミング実習2021\ゲームプログラミング実習2021 11\GameProgramming\CModelx.h(55,1): warning C4150: 'CSkinWeights' 型を削除するため delete 演算子が呼び出されましたが、定義がありません。
C:\Users\hiram\OneDrive\デスクトップ\Git\GameProgramming\ゲームプログラミング実習2021\ゲームプログラミング実習2021 11\GameProgramming\CModelx.h(15): message : 'CSkinWeights' の宣言を確認してください
C:\Users\hiram\OneDrive\デスクトップ\Git\GameProgramming\ゲームプログラミング実習2021\ゲームプログラミング実習2021 11\GameProgramming\CModelx.h(108,21): warning C4018: '<': signed と unsigned の数値を比較しようとしました。
C:\Users\hiram\OneDrive\デスクトップ\Git\GameProgramming\ゲームプログラミング実習2021\ゲームプログラミング実習2021 11\GameProgramming\CModelx.h(109,1): warning C4150: 'CAnimationSet' 型を削除するため delete 演算子が呼び出されましたが、定義がありません。
C:\Users\hiram\OneDrive\デスクトップ\Git\GameProgramming\ゲームプログラミング実習2021\ゲームプログラミング実習2021 11\GameProgramming\CModelx.h(16): message : 'CAnimationSet' の宣言を確認してください
  CEnemy.cpp
C:\Users\hiram\OneDrive\デスクトップ\Git\GameProgramming\ゲームプログラミング実習2021\ゲームプログラミング実習2021 11\GameProgramming\CModelx.h(54,19): warning C4018: '<': signed と unsigned の数値を比較しようとしました。
C:\Users\hiram\OneDrive\デスクトップ\Git\GameProgramming\ゲームプログラミング実習2021\ゲームプログラミング実習2021 11\GameProgramming\CModelx.h(55,1): warning C4150: 'CSkinWeights' 型を削除するため delete 演算子が呼び出されましたが、定義がありません。
C:\Users\hiram\OneDrive\デスクトップ\Git\GameProgramming\ゲームプログラミング実習2021\ゲームプログラミング実習2021 11\GameProgramming\CModelx.h(15): message : 'CSkinWeights' の宣言を確認してください
C:\Users\hiram\OneDrive\デスクトップ\Git\GameProgramming\ゲームプログラミング実習2021\ゲームプログラミング実習2021 11\GameProgramming\CModelx.h(108,21): warning C4018: '<': signed と unsigned の数値を比較しようとしました。
C:\Users\hiram\OneDrive\デスクトップ\Git\GameProgramming\ゲームプログラミング実習2021\ゲームプログラミング実習2021 11\GameProgramming\CModelx.h(109,1): warning C4150: 'CAnimationSet' 型を削除するため delete 演算子が呼び出されましたが、定義がありません。
C:\Users\hiram\OneDrive\デスクトップ\Git\GameProgramming\ゲームプログラミング実習2021\ゲームプログラミング実習2021 11\GameProgramming\CModelx.h(16): message : 'CAnimationSet' の宣言を確認してください
  CEnemy2.cpp
C:\Users\hiram\OneDrive\デスクトップ\Git\GameProgramming\ゲームプログラミング実習2021\ゲームプログラミング実習2021 11\GameProgramming\CModelx.h(54,19): warning C4018: '<': signed と unsigned の数値を比較しようとしました。
C:\Users\hiram\OneDrive\デスクトップ\Git\GameProgramming\ゲームプログラミング実習2021\ゲームプログラミング実習2021 11\GameProgramming\CModelx.h(55,1): warning C4150: 'CSkinWeights' 型を削除するため delete 演算子が呼び出されましたが、定義がありません。
C:\Users\hiram\OneDrive\デスクトップ\Git\GameProgramming\ゲームプログラミング実習2021\ゲームプログラミング実習2021 11\GameProgramming\CModelx.h(15): message : 'CSkinWeights' の宣言を確認してください
C:\Users\hiram\OneDrive\デスクトップ\Git\GameProgramming\ゲームプログラミング実習2021\ゲームプログラミング実習2021 11\GameProgramming\CModelx.h(108,21): warning C4018: '<': signed と unsigned の数値を比較しようとしました。
C:\Users\hiram\OneDrive\デスクトップ\Git\GameProgramming\ゲームプログラミング実習2021\ゲームプログラミング実習2021 11\GameProgramming\CModelx.h(109,1): warning C4150: 'CAnimationSet' 型を削除するため delete 演算子が呼び出されましたが、定義がありません。
C:\Users\hiram\OneDrive\デスクトップ\Git\GameProgramming\ゲームプログラミング実習2021\ゲームプログラミング実習2021 11\GameProgramming\CModelx.h(16): message : 'CAnimationSet' の宣言を確認してください
  CMaterial.cpp
C:\Users\hiram\OneDrive\デスクトップ\Git\GameProgramming\ゲームプログラミング実習2021\ゲームプログラミング実習2021 11\GameProgramming\CModelx.h(54,19): warning C4018: '<': signed と unsigned の数値を比較しようとしました。
C:\Users\hiram\OneDrive\デスクトップ\Git\GameProgramming\ゲームプログラミング実習2021\ゲームプログラミング実習2021 11\GameProgramming\CModelx.h(55,1): warning C4150: 'CSkinWeights' 型を削除するため delete 演算子が呼び出されましたが、定義がありません。
C:\Users\hiram\OneDrive\デスクトップ\Git\GameProgramming\ゲームプログラミング実習2021\ゲームプログラミング実習2021 11\GameProgramming\CModelx.h(15): message : 'CSkinWeights' の宣言を確認してください
C:\Users\hiram\OneDrive\デスクトップ\Git\GameProgramming\ゲームプログラミング実習2021\ゲームプログラミング実習2021 11\GameProgramming\CModelx.h(108,21): warning C4018: '<': signed と unsigned の数値を比較しようとしました。
C:\Users\hiram\OneDrive\デスクトップ\Git\GameProgramming\ゲームプログラミング実習2021\ゲームプログラミング実習2021 11\GameProgramming\CModelx.h(109,1): warning C4150: 'CAnimationSet' 型を削除するため delete 演算子が呼び出されましたが、定義がありません。
C:\Users\hiram\OneDrive\デスクトップ\Git\GameProgramming\ゲームプログラミング実習2021\ゲームプログラミング実習2021 11\GameProgramming\CModelx.h(16): message : 'CAnimationSet' の宣言を確認してください
C:\Users\hiram\OneDrive\デスクトップ\Git\GameProgramming\ゲームプログラミング実習2021\ゲームプログラミング実習2021 11\GameProgramming\CMaterial.cpp(26,3): warning C4996: 'strcpy': This function or variable may be unsafe. Consider using strcpy_s instead. To disable deprecation, use _CRT_SECURE_NO_WARNINGS. See online help for details.
C:\Users\hiram\OneDrive\デスクトップ\Git\GameProgramming\ゲームプログラミング実習2021\ゲームプログラミング実習2021 11\GameProgramming\CMaterial.cpp(50,3): warning C4996: 'strcpy': This function or variable may be unsafe. Consider using strcpy_s instead. To disable deprecation, use _CRT_SECURE_NO_WARNINGS. See online help for details.
  CModel.cpp
C:\Users\hiram\OneDrive\デスクトップ\Git\GameProgramming\ゲームプログラミング実習2021\ゲームプログラミング実習2021 11\GameProgramming\CModelx.h(54,19): warning C4018: '<': signed と unsigned の数値を比較しようとしました。
C:\Users\hiram\OneDrive\デスクトップ\Git\GameProgramming\ゲームプログラミング実習2021\ゲームプログラミング実習2021 11\GameProgramming\CModelx.h(55,1): warning C4150: 'CSkinWeights' 型を削除するため delete 演算子が呼び出されましたが、定義がありません。
C:\Users\hiram\OneDrive\デスクトップ\Git\GameProgramming\ゲームプログラミング実習2021\ゲームプログラミング実習2021 11\GameProgramming\CModelx.h(15): message : 'CSkinWeights' の宣言を確認してください
C:\Users\hiram\OneDrive\デスクトップ\Git\GameProgramming\ゲームプログラミング実習2021\ゲームプログラミング実習2021 11\GameProgramming\CModelx.h(108,21): warning C4018: '<': signed と unsigned の数値を比較しようとしました。
C:\Users\hiram\OneDrive\デスクトップ\Git\GameProgramming\ゲームプログラミング実習2021\ゲームプログラミング実習2021 11\GameProgramming\CModelx.h(109,1): warning C4150: 'CAnimationSet' 型を削除するため delete 演算子が呼び出されましたが、定義がありません。
C:\Users\hiram\OneDrive\デスクトップ\Git\GameProgramming\ゲームプログラミング実習2021\ゲームプログラミング実習2021 11\GameProgramming\CModelx.h(16): message : 'CAnimationSet' の宣言を確認してください
C:\Users\hiram\OneDrive\デスクトップ\Git\GameProgramming\ゲームプログラミング実習2021\ゲームプログラミング実習2021 11\GameProgramming\CModel.cpp(186,20): warning C4018: '<': signed と unsigned の数値を比較しようとしました。
C:\Users\hiram\OneDrive\デスクトップ\Git\GameProgramming\ゲームプログラミング実習2021\ゲームプログラミング実習2021 11\GameProgramming\CModel.cpp(188,21): warning C4018: '<': signed と unsigned の数値を比較しようとしました。
C:\Users\hiram\OneDrive\デスクトップ\Git\GameProgramming\ゲームプログラミング実習2021\ゲームプログラミング実習2021 11\GameProgramming\CModel.cpp(28,7): warning C4996: 'fopen': This function or variable may be unsafe. Consider using fopen_s instead. To disable deprecation, use _CRT_SECURE_NO_WARNINGS. See online help for details.
C:\Users\hiram\OneDrive\デスクトップ\Git\GameProgramming\ゲームプログラミング実習2021\ゲームプログラミング実習2021 11\GameProgramming\CModel.cpp(49,3): warning C4996: 'sscanf': This function or variable may be unsafe. Consider using sscanf_s instead. To disable deprecation, use _CRT_SECURE_NO_WARNINGS. See online help for details.
C:\Users\hiram\OneDrive\デスクトップ\Git\GameProgramming\ゲームプログラミング実習2021\ゲームプログラミング実習2021 11\GameProgramming\CModel.cpp(54,4): warning C4996: 'strncpy': This function or variable may be unsafe. Consider using strncpy_s instead. To disable deprecation, use _CRT_SECURE_NO_WARNINGS. See online help for details.
C:\Users\hiram\OneDrive\デスクトップ\Git\GameProgramming\ゲームプログラミング実習2021\ゲームプログラミング実習2021 11\GameProgramming\CModel.cpp(82,7): warning C4996: 'fopen': This function or variable may be unsafe. Consider using fopen_s instead. To disable deprecation, use _CRT_SECURE_NO_WARNINGS. See online help for details.
C:\Users\hiram\OneDrive\デスクトップ\Git\GameProgramming\ゲームプログラミング実習2021\ゲームプログラミング実習2021 11\GameProgramming\CModel.cpp(100,3): warning C4996: 'sscanf': This function or variable may be unsafe. Consider using sscanf_s instead. To disable deprecation, use _CRT_SECURE_NO_WARNINGS. See online help for details.
C:\Users\hiram\OneDrive\デスクトップ\Git\GameProgramming\ゲームプログラミング実習2021\ゲームプログラミング実習2021 11\GameProgramming\CModel.cpp(122,5): warning C4996: 'sscanf': This function or variable may be unsafe. Consider using sscanf_s instead. To disable deprecation, use _CRT_SECURE_NO_WARNINGS. See online help for details.
C:\Users\hiram\OneDrive\デスクトップ\Git\GameProgramming\ゲームプログラミング実習2021\ゲームプログラミング実習2021 11\GameProgramming\CModel.cpp(123,5): warning C4996: 'sscanf': This function or variable may be unsafe. Consider using sscanf_s instead. To disable deprecation, use _CRT_SECURE_NO_WARNINGS. See online help for details.
C:\Users\hiram\OneDrive\デスクトップ\Git\GameProgramming\ゲームプログラミング実習2021\ゲームプログラミング実習2021 11\GameProgramming\CModel.cpp(124,5): warning C4996: 'sscanf': This function or variable may be unsafe. Consider using sscanf_s instead. To disable deprecation, use _CRT_SECURE_NO_WARNINGS. See online help for details.
C:\Users\hiram\OneDrive\デスクトップ\Git\GameProgramming\ゲームプログラミング実習2021\ゲームプログラミング実習2021 11\GameProgramming\CModel.cpp(138,5): warning C4996: 'sscanf': This function or variable may be unsafe. Consider using sscanf_s instead. To disable deprecation, use _CRT_SECURE_NO_WARNINGS. See online help for details.
C:\Users\hiram\OneDrive\デスクトップ\Git\GameProgramming\ゲームプログラミング実習2021\ゲームプログラミング実習2021 11\GameProgramming\CModel.cpp(139,5): warning C4996: 'sscanf': This function or variable may be unsafe. Consider using sscanf_s instead. To disable deprecation, use _CRT_SECURE_NO_WARNINGS. See online help for details.
C:\Users\hiram\OneDrive\デスクトップ\Git\GameProgramming\ゲームプログラミング実習2021\ゲームプログラミング実習2021 11\GameProgramming\CModel.cpp(140,5): warning C4996: 'sscanf': This function or variable may be unsafe. Consider using sscanf_s instead. To disable deprecation, use _CRT_SECURE_NO_WARNINGS. See online help for details.
C:\Users\hiram\OneDrive\デスクトップ\Git\GameProgramming\ゲームプログラミング実習2021\ゲームプログラミング実習2021 11\GameProgramming\CModel.cpp(231,20): warning C4018: '<': signed と unsigned の数値を比較しようとしました。
C:\Users\hiram\OneDrive\デスクトップ\Git\GameProgramming\ゲームプログラミング実習2021\ゲームプログラミング実習2021 11\GameProgramming\CModel.cpp(243,20): warning C4018: '<': signed と unsigned の数値を比較しようとしました。
C:\Users\hiram\OneDrive\デスクトップ\Git\GameProgramming\ゲームプログラミング実習2021\ゲームプログラミング実習2021 11\GameProgramming\CModel.cpp(284,20): warning C4018: '<': signed と unsigned の数値を比較しようとしました。
  CModelX.cpp
C:\Users\hiram\OneDrive\デスクトップ\Git\GameProgramming\ゲームプログラミング実習2021\ゲームプログラミング実習2021 11\GameProgramming\CModelX.h(54,19): warning C4018: '<': signed と unsigned の数値を比較しようとしました。
C:\Users\hiram\OneDrive\デスクトップ\Git\GameProgramming\ゲームプログラミング実習2021\ゲームプログラミング実習2021 11\GameProgramming\CModelX.h(55,1): warning C4150: 'CSkinWeights' 型を削除するため delete 演算子が呼び出されましたが、定義がありません。
C:\Users\hiram\OneDrive\デスクトップ\Git\GameProgramming\ゲームプログラミング実習2021\ゲームプログラミング実習2021 11\GameProgramming\CModelX.h(15): message : 'CSkinWeights' の宣言を確認してください
C:\Users\hiram\OneDrive\デスクトップ\Git\GameProgramming\ゲームプログラミング実習2021\ゲームプログラミング実習2021 11\GameProgramming\CModelX.h(108,21): warning C4018: '<': signed と unsigned の数値を比較しようとしました。
C:\Users\hiram\OneDrive\デスクトップ\Git\GameProgramming\ゲームプログラミング実習2021\ゲームプログラミング実習2021 11\GameProgramming\CModelX.h(109,1): warning C4150: 'CAnimationSet' 型を削除するため delete 演算子が呼び出されましたが、定義がありません。
C:\Users\hiram\OneDrive\デスクトップ\Git\GameProgramming\ゲームプログラミング実習2021\ゲームプログラミング実習2021 11\GameProgramming\CModelX.h(16): message : 'CAnimationSet' の宣言を確認してください
C:\Users\hiram\OneDrive\デスクトップ\Git\GameProgramming\ゲームプログラミング実習2021\ゲームプログラミング実習2021 11\GameProgramming\CModelX.cpp(11,7): warning C4996: 'fopen': This function or variable may be unsafe. Consider using fopen_s instead. To disable deprecation, use _CRT_SECURE_NO_WARNINGS. See online help for details.
C:\Users\hiram\OneDrive\デスクトップ\Git\GameProgramming\ゲームプログラミング実習2021\ゲームプログラミング実習2021 11\GameProgramming\CModelX.cpp(136,2): warning C4996: 'strcpy': This function or variable may be unsafe. Consider using strcpy_s instead. To disable deprecation, use _CRT_SECURE_NO_WARNINGS. See online help for details.
C:\Users\hiram\OneDrive\デスクトップ\Git\GameProgramming\ゲームプログラミング実習2021\ゲームプログラミング実習2021 11\GameProgramming\CModelX.cpp(202,20): warning C4018: '<': signed と unsigned の数値を比較しようとしました。
C:\Users\hiram\OneDrive\デスクトップ\Git\GameProgramming\ゲームプログラミング実習2021\ゲームプログラミング実習2021 11\GameProgramming\CModelX.cpp(378,2): warning C4996: 'strcpy': This function or variable may be unsafe. Consider using strcpy_s instead. To disable deprecation, use _CRT_SECURE_NO_WARNINGS. See online help for details.
C:\Users\hiram\OneDrive\デスクトップ\Git\GameProgramming\ゲームプログラミング実習2021\ゲームプログラミング実習2021 11\GameProgramming\CModelX.cpp(424,2): warning C4996: 'strcpy': This function or variable may be unsafe. Consider using strcpy_s instead. To disable deprecation, use _CRT_SECURE_NO_WARNINGS. See online help for details.
  CPlayer.cpp
C:\Users\hiram\OneDrive\デスクトップ\Git\GameProgramming\ゲームプログラミング実習2021\ゲームプログラミング実習2021 11\GameProgramming\CModelx.h(54,19): warning C4018: '<': signed と unsigned の数値を比較しようとしました。
C:\Users\hiram\OneDrive\デスクトップ\Git\GameProgramming\ゲームプログラミング実習2021\ゲームプログラミング実習2021 11\GameProgramming\CModelx.h(55,1): warning C4150: 'CSkinWeights' 型を削除するため delete 演算子が呼び出されましたが、定義がありません。
C:\Users\hiram\OneDrive\デスクトップ\Git\GameProgramming\ゲームプログラミング実習2021\ゲームプログラミング実習2021 11\GameProgramming\CModelx.h(15): message : 'CSkinWeights' の宣言を確認してください
C:\Users\hiram\OneDrive\デスクトップ\Git\GameProgramming\ゲームプログラミング実習2021\ゲームプログラミング実習2021 11\GameProgramming\CModelx.h(108,21): warning C4018: '<': signed と unsigned の数値を比較しようとしました。
C:\Users\hiram\OneDrive\デスクトップ\Git\GameProgramming\ゲームプログラミング実習2021\ゲームプログラミング実習2021 11\GameProgramming\CModelx.h(109,1): warning C4150: 'CAnimationSet' 型を削除するため delete 演算子が呼び出されましたが、定義がありません。
C:\Users\hiram\OneDrive\デスクトップ\Git\GameProgramming\ゲームプログラミング実習2021\ゲームプログラミング実習2021 11\GameProgramming\CModelx.h(16): message : 'CAnimationSet' の宣言を確認してください
C:\Users\hiram\OneDrive\デスクトップ\Git\GameProgramming\ゲームプログラミング実習2021\ゲームプログラミング実習2021 11\GameProgramming\CPlayer.cpp(141,2): warning C4996: 'sprintf': This function or variable may be unsafe. Consider using sprintf_s instead. To disable deprecation, use _CRT_SECURE_NO_WARNINGS. See online help for details.
C:\Users\hiram\OneDrive\デスクトップ\Git\GameProgramming\ゲームプログラミング実習2021\ゲームプログラミング実習2021 11\GameProgramming\CPlayer.cpp(147,2): warning C4996: 'sprintf': This function or variable may be unsafe. Consider using sprintf_s instead. To disable deprecation, use _CRT_SECURE_NO_WARNINGS. See online help for details.
C:\Users\hiram\OneDrive\デスクトップ\Git\GameProgramming\ゲームプログラミング実習2021\ゲームプログラミング実習2021 11\GameProgramming\CPlayer.cpp(153,2): warning C4996: 'sprintf': This function or variable may be unsafe. Consider using sprintf_s instead. To disable deprecation, use _CRT_SECURE_NO_WARNINGS. See online help for details.
  CRes.cpp
C:\Users\hiram\OneDrive\デスクトップ\Git\GameProgramming\ゲームプログラミング実習2021\ゲームプログラミング実習2021 11\GameProgramming\CModelX.h(54,19): warning C4018: '<': signed と unsigned の数値を比較しようとしました。
C:\Users\hiram\OneDrive\デスクトップ\Git\GameProgramming\ゲームプログラミング実習2021\ゲームプログラミング実習2021 11\GameProgramming\CModelX.h(55,1): warning C4150: 'CSkinWeights' 型を削除するため delete 演算子が呼び出されましたが、定義がありません。
C:\Users\hiram\OneDrive\デスクトップ\Git\GameProgramming\ゲームプログラミング実習2021\ゲームプログラミング実習2021 11\GameProgramming\CModelX.h(15): message : 'CSkinWeights' の宣言を確認してください
C:\Users\hiram\OneDrive\デスクトップ\Git\GameProgramming\ゲームプログラミング実習2021\ゲームプログラミング実習2021 11\GameProgramming\CModelX.h(108,21): warning C4018: '<': signed と unsigned の数値を比較しようとしました。
C:\Users\hiram\OneDrive\デスクトップ\Git\GameProgramming\ゲームプログラミング実習2021\ゲームプログラミング実習2021 11\GameProgramming\CModelX.h(109,1): warning C4150: 'CAnimationSet' 型を削除するため delete 演算子が呼び出されましたが、定義がありません。
C:\Users\hiram\OneDrive\デスクトップ\Git\GameProgramming\ゲームプログラミング実習2021\ゲームプログラミング実習2021 11\GameProgramming\CModelX.h(16): message : 'CAnimationSet' の宣言を確認してください
  CSceneGame.cpp
C:\Users\hiram\OneDrive\デスクトップ\Git\GameProgramming\ゲームプログラミング実習2021\ゲームプログラミング実習2021 11\GameProgramming\CModelX.h(54,19): warning C4018: '<': signed と unsigned の数値を比較しようとしました。
C:\Users\hiram\OneDrive\デスクトップ\Git\GameProgramming\ゲームプログラミング実習2021\ゲームプログラミング実習2021 11\GameProgramming\CModelX.h(55,1): warning C4150: 'CSkinWeights' 型を削除するため delete 演算子が呼び出されましたが、定義がありません。
C:\Users\hiram\OneDrive\デスクトップ\Git\GameProgramming\ゲームプログラミング実習2021\ゲームプログラミング実習2021 11\GameProgramming\CModelX.h(15): message : 'CSkinWeights' の宣言を確認してください
C:\Users\hiram\OneDrive\デスクトップ\Git\GameProgramming\ゲームプログラミング実習2021\ゲームプログラミング実習2021 11\GameProgramming\CModelX.h(108,21): warning C4018: '<': signed と unsigned の数値を比較しようとしました。
C:\Users\hiram\OneDrive\デスクトップ\Git\GameProgramming\ゲームプログラミング実習2021\ゲームプログラミング実習2021 11\GameProgramming\CModelX.h(109,1): warning C4150: 'CAnimationSet' 型を削除するため delete 演算子が呼び出されましたが、定義がありません。
C:\Users\hiram\OneDrive\デスクトップ\Git\GameProgramming\ゲームプログラミング実習2021\ゲームプログラミング実習2021 11\GameProgramming\CModelX.h(16): message : 'CAnimationSet' の宣言を確認してください
  コードを生成中...
  GameProgramming.vcxproj -> C:\Users\hiram\OneDrive\デスクトップ\Git\GameProgramming\ゲームプログラミング実習2021\ゲームプログラミング実習2021 11\Debug\GameProgramming.exe
