c:\users\hiram\onedrive\デスクトップ\ゲームプログラミング実習2021\ゲームプログラミング実習2021 1\gameprogramming\debug\vc142.pdb
c:\users\hiram\onedrive\デスクトップ\ゲームプログラミング実習2021\ゲームプログラミング実習2021 1\gameprogramming\debug\vc142.idb
c:\users\hiram\onedrive\デスクトップ\ゲームプログラミング実習2021\ゲームプログラミング実習2021 1\gameprogramming\debug\cscenegame.obj
c:\users\hiram\onedrive\デスクトップ\ゲームプログラミング実習2021\ゲームプログラミング実習2021 1\gameprogramming\debug\cres.obj
c:\users\hiram\onedrive\デスクトップ\ゲームプログラミング実習2021\ゲームプログラミング実習2021 1\gameprogramming\debug\cplayer.obj
c:\users\hiram\onedrive\デスクトップ\ゲームプログラミング実習2021\ゲームプログラミング実習2021 1\gameprogramming\debug\cmodelx.obj
c:\users\hiram\onedrive\デスクトップ\ゲームプログラミング実習2021\ゲームプログラミング実習2021 1\gameprogramming\debug\cmodel.obj
c:\users\hiram\onedrive\デスクトップ\ゲームプログラミング実習2021\ゲームプログラミング実習2021 1\gameprogramming\debug\cmatrix.obj
c:\users\hiram\onedrive\デスクトップ\ゲームプログラミング実習2021\ゲームプログラミング実習2021 1\gameprogramming\debug\cmaterial.obj
c:\users\hiram\onedrive\デスクトップ\ゲームプログラミング実習2021\ゲームプログラミング実習2021 1\gameprogramming\debug\ckey.obj
c:\users\hiram\onedrive\デスクトップ\ゲームプログラミング実習2021\ゲームプログラミング実習2021 1\gameprogramming\debug\cenemy2.obj
c:\users\hiram\onedrive\デスクトップ\ゲームプログラミング実習2021\ゲームプログラミング実習2021 1\gameprogramming\debug\cenemy.obj
c:\users\hiram\onedrive\デスクトップ\ゲームプログラミング実習2021\ゲームプログラミング実習2021 1\gameprogramming\debug\ceffect.obj
c:\users\hiram\onedrive\デスクトップ\ゲームプログラミング実習2021\ゲームプログラミング実習2021 1\gameprogramming\debug\ccollisionmanager.obj
c:\users\hiram\onedrive\デスクトップ\ゲームプログラミング実習2021\ゲームプログラミング実習2021 1\gameprogramming\debug\ccollidertriangle.obj
c:\users\hiram\onedrive\デスクトップ\ゲームプログラミング実習2021\ゲームプログラミング実習2021 1\gameprogramming\debug\ccollidermesh.obj
c:\users\hiram\onedrive\デスクトップ\ゲームプログラミング実習2021\ゲームプログラミング実習2021 1\gameprogramming\debug\ccolliderline.obj
c:\users\hiram\onedrive\デスクトップ\ゲームプログラミング実習2021\ゲームプログラミング実習2021 1\gameprogramming\debug\ccollider.obj
c:\users\hiram\onedrive\デスクトップ\ゲームプログラミング実習2021\ゲームプログラミング実習2021 1\gameprogramming\debug\ccharacter.obj
c:\users\hiram\onedrive\デスクトップ\ゲームプログラミング実習2021\ゲームプログラミング実習2021 1\gameprogramming\debug\ccamera.obj
c:\users\hiram\onedrive\デスクトップ\ゲームプログラミング実習2021\ゲームプログラミング実習2021 1\gameprogramming\debug\cbullet.obj
c:\users\hiram\onedrive\デスクトップ\ゲームプログラミング実習2021\ゲームプログラミング実習2021 1\gameprogramming\debug\cbillboard.obj
c:\users\hiram\onedrive\デスクトップ\ゲームプログラミング実習2021\ゲームプログラミング実習2021 1\gameprogramming\debug\main.obj
c:\users\hiram\onedrive\デスクトップ\ゲームプログラミング実習2021\ゲームプログラミング実習2021 1\gameprogramming\debug\cvector.obj
c:\users\hiram\onedrive\デスクトップ\ゲームプログラミング実習2021\ゲームプログラミング実習2021 1\gameprogramming\debug\cutil.obj
c:\users\hiram\onedrive\デスクトップ\ゲームプログラミング実習2021\ゲームプログラミング実習2021 1\gameprogramming\debug\ctriangle.obj
c:\users\hiram\onedrive\デスクトップ\ゲームプログラミング実習2021\ゲームプログラミング実習2021 1\gameprogramming\debug\ctransform.obj
c:\users\hiram\onedrive\デスクトップ\ゲームプログラミング実習2021\ゲームプログラミング実習2021 1\gameprogramming\debug\ctexture.obj
c:\users\hiram\onedrive\デスクトップ\ゲームプログラミング実習2021\ゲームプログラミング実習2021 1\gameprogramming\debug\ctext.obj
c:\users\hiram\onedrive\デスクトップ\ゲームプログラミング実習2021\ゲームプログラミング実習2021 1\gameprogramming\debug\ctaskmanager.obj
c:\users\hiram\onedrive\デスクトップ\ゲームプログラミング実習2021\ゲームプログラミング実習2021 1\gameprogramming\debug\csound.obj
c:\users\hiram\onedrive\デスクトップ\ゲームプログラミング実習2021\ゲームプログラミング実習2021 1\gameprogramming\debug\cscenemanager.obj
c:\users\hiram\onedrive\デスクトップ\ゲームプログラミング実習2021\ゲームプログラミング実習2021 2\gameprogramming\debug\vc142.pdb
c:\users\hiram\onedrive\デスクトップ\ゲームプログラミング実習2021\ゲームプログラミング実習2021 2\gameprogramming\debug\vc142.idb
c:\users\hiram\onedrive\デスクトップ\ゲームプログラミング実習2021\ゲームプログラミング実習2021 2\gameprogramming\debug\cscenegame.obj
c:\users\hiram\onedrive\デスクトップ\ゲームプログラミング実習2021\ゲームプログラミング実習2021 2\gameprogramming\debug\cres.obj
c:\users\hiram\onedrive\デスクトップ\ゲームプログラミング実習2021\ゲームプログラミング実習2021 2\gameprogramming\debug\cplayer.obj
c:\users\hiram\onedrive\デスクトップ\ゲームプログラミング実習2021\ゲームプログラミング実習2021 2\gameprogramming\debug\cmodelx.obj
c:\users\hiram\onedrive\デスクトップ\ゲームプログラミング実習2021\ゲームプログラミング実習2021 2\gameprogramming\debug\cmodel.obj
c:\users\hiram\onedrive\デスクトップ\ゲームプログラミング実習2021\ゲームプログラミング実習2021 2\gameprogramming\debug\cmatrix.obj
c:\users\hiram\onedrive\デスクトップ\ゲームプログラミング実習2021\ゲームプログラミング実習2021 2\gameprogramming\debug\cmaterial.obj
c:\users\hiram\onedrive\デスクトップ\ゲームプログラミング実習2021\ゲームプログラミング実習2021 2\gameprogramming\debug\ckey.obj
c:\users\hiram\onedrive\デスクトップ\ゲームプログラミング実習2021\ゲームプログラミング実習2021 2\gameprogramming\debug\cenemy2.obj
c:\users\hiram\onedrive\デスクトップ\ゲームプログラミング実習2021\ゲームプログラミング実習2021 2\gameprogramming\debug\cenemy.obj
c:\users\hiram\onedrive\デスクトップ\ゲームプログラミング実習2021\ゲームプログラミング実習2021 2\gameprogramming\debug\ceffect.obj
c:\users\hiram\onedrive\デスクトップ\ゲームプログラミング実習2021\ゲームプログラミング実習2021 2\gameprogramming\debug\ccollisionmanager.obj
c:\users\hiram\onedrive\デスクトップ\ゲームプログラミング実習2021\ゲームプログラミング実習2021 2\gameprogramming\debug\ccollidertriangle.obj
c:\users\hiram\onedrive\デスクトップ\ゲームプログラミング実習2021\ゲームプログラミング実習2021 2\gameprogramming\debug\ccollidermesh.obj
c:\users\hiram\onedrive\デスクトップ\ゲームプログラミング実習2021\ゲームプログラミング実習2021 2\gameprogramming\debug\ccolliderline.obj
c:\users\hiram\onedrive\デスクトップ\ゲームプログラミング実習2021\ゲームプログラミング実習2021 2\gameprogramming\debug\ccollider.obj
c:\users\hiram\onedrive\デスクトップ\ゲームプログラミング実習2021\ゲームプログラミング実習2021 2\gameprogramming\debug\ccharacter.obj
c:\users\hiram\onedrive\デスクトップ\ゲームプログラミング実習2021\ゲームプログラミング実習2021 2\gameprogramming\debug\ccamera.obj
c:\users\hiram\onedrive\デスクトップ\ゲームプログラミング実習2021\ゲームプログラミング実習2021 2\gameprogramming\debug\cbullet.obj
c:\users\hiram\onedrive\デスクトップ\ゲームプログラミング実習2021\ゲームプログラミング実習2021 2\gameprogramming\debug\cbillboard.obj
c:\users\hiram\onedrive\デスクトップ\ゲームプログラミング実習2021\ゲームプログラミング実習2021 2\gameprogramming\debug\main.obj
c:\users\hiram\onedrive\デスクトップ\ゲームプログラミング実習2021\ゲームプログラミング実習2021 2\gameprogramming\debug\cvector.obj
c:\users\hiram\onedrive\デスクトップ\ゲームプログラミング実習2021\ゲームプログラミング実習2021 2\gameprogramming\debug\cutil.obj
c:\users\hiram\onedrive\デスクトップ\ゲームプログラミング実習2021\ゲームプログラミング実習2021 2\gameprogramming\debug\ctriangle.obj
c:\users\hiram\onedrive\デスクトップ\ゲームプログラミング実習2021\ゲームプログラミング実習2021 2\gameprogramming\debug\ctransform.obj
c:\users\hiram\onedrive\デスクトップ\ゲームプログラミング実習2021\ゲームプログラミング実習2021 2\gameprogramming\debug\ctexture.obj
c:\users\hiram\onedrive\デスクトップ\ゲームプログラミング実習2021\ゲームプログラミング実習2021 2\gameprogramming\debug\ctext.obj
c:\users\hiram\onedrive\デスクトップ\ゲームプログラミング実習2021\ゲームプログラミング実習2021 2\gameprogramming\debug\ctaskmanager.obj
c:\users\hiram\onedrive\デスクトップ\ゲームプログラミング実習2021\ゲームプログラミング実習2021 2\gameprogramming\debug\csound.obj
c:\users\hiram\onedrive\デスクトップ\ゲームプログラミング実習2021\ゲームプログラミング実習2021 2\gameprogramming\debug\cscenemanager.obj
c:\users\hiram\onedrive\デスクトップ\ゲームプログラミング実習2021\ゲームプログラミング実習2021 3\gameprogramming\debug\vc142.pdb
c:\users\hiram\onedrive\デスクトップ\ゲームプログラミング実習2021\ゲームプログラミング実習2021 3\gameprogramming\debug\vc142.idb
c:\users\hiram\onedrive\デスクトップ\ゲームプログラミング実習2021\ゲームプログラミング実習2021 3\gameprogramming\debug\cscenegame.obj
c:\users\hiram\onedrive\デスクトップ\ゲームプログラミング実習2021\ゲームプログラミング実習2021 3\gameprogramming\debug\cres.obj
c:\users\hiram\onedrive\デスクトップ\ゲームプログラミング実習2021\ゲームプログラミング実習2021 3\gameprogramming\debug\cplayer.obj
c:\users\hiram\onedrive\デスクトップ\ゲームプログラミング実習2021\ゲームプログラミング実習2021 3\gameprogramming\debug\cmodelx.obj
c:\users\hiram\onedrive\デスクトップ\ゲームプログラミング実習2021\ゲームプログラミング実習2021 3\gameprogramming\debug\cmodel.obj
c:\users\hiram\onedrive\デスクトップ\ゲームプログラミング実習2021\ゲームプログラミング実習2021 3\gameprogramming\debug\cmatrix.obj
c:\users\hiram\onedrive\デスクトップ\ゲームプログラミング実習2021\ゲームプログラミング実習2021 3\gameprogramming\debug\cmaterial.obj
c:\users\hiram\onedrive\デスクトップ\ゲームプログラミング実習2021\ゲームプログラミング実習2021 3\gameprogramming\debug\ckey.obj
c:\users\hiram\onedrive\デスクトップ\ゲームプログラミング実習2021\ゲームプログラミング実習2021 3\gameprogramming\debug\cenemy2.obj
c:\users\hiram\onedrive\デスクトップ\ゲームプログラミング実習2021\ゲームプログラミング実習2021 3\gameprogramming\debug\cenemy.obj
c:\users\hiram\onedrive\デスクトップ\ゲームプログラミング実習2021\ゲームプログラミング実習2021 3\gameprogramming\debug\ceffect.obj
c:\users\hiram\onedrive\デスクトップ\ゲームプログラミング実習2021\ゲームプログラミング実習2021 3\gameprogramming\debug\ccollisionmanager.obj
c:\users\hiram\onedrive\デスクトップ\ゲームプログラミング実習2021\ゲームプログラミング実習2021 3\gameprogramming\debug\ccollidertriangle.obj
c:\users\hiram\onedrive\デスクトップ\ゲームプログラミング実習2021\ゲームプログラミング実習2021 3\gameprogramming\debug\ccollidermesh.obj
c:\users\hiram\onedrive\デスクトップ\ゲームプログラミング実習2021\ゲームプログラミング実習2021 3\gameprogramming\debug\ccolliderline.obj
c:\users\hiram\onedrive\デスクトップ\ゲームプログラミング実習2021\ゲームプログラミング実習2021 3\gameprogramming\debug\ccollider.obj
c:\users\hiram\onedrive\デスクトップ\ゲームプログラミング実習2021\ゲームプログラミング実習2021 3\gameprogramming\debug\ccharacter.obj
c:\users\hiram\onedrive\デスクトップ\ゲームプログラミング実習2021\ゲームプログラミング実習2021 3\gameprogramming\debug\ccamera.obj
c:\users\hiram\onedrive\デスクトップ\ゲームプログラミング実習2021\ゲームプログラミング実習2021 3\gameprogramming\debug\cbullet.obj
c:\users\hiram\onedrive\デスクトップ\ゲームプログラミング実習2021\ゲームプログラミング実習2021 3\gameprogramming\debug\cbillboard.obj
c:\users\hiram\onedrive\デスクトップ\ゲームプログラミング実習2021\ゲームプログラミング実習2021 3\gameprogramming\debug\main.obj
c:\users\hiram\onedrive\デスクトップ\ゲームプログラミング実習2021\ゲームプログラミング実習2021 3\gameprogramming\debug\cvector.obj
c:\users\hiram\onedrive\デスクトップ\ゲームプログラミング実習2021\ゲームプログラミング実習2021 3\gameprogramming\debug\cutil.obj
c:\users\hiram\onedrive\デスクトップ\ゲームプログラミング実習2021\ゲームプログラミング実習2021 3\gameprogramming\debug\ctriangle.obj
c:\users\hiram\onedrive\デスクトップ\ゲームプログラミング実習2021\ゲームプログラミング実習2021 3\gameprogramming\debug\ctransform.obj
c:\users\hiram\onedrive\デスクトップ\ゲームプログラミング実習2021\ゲームプログラミング実習2021 3\gameprogramming\debug\ctexture.obj
c:\users\hiram\onedrive\デスクトップ\ゲームプログラミング実習2021\ゲームプログラミング実習2021 3\gameprogramming\debug\ctext.obj
c:\users\hiram\onedrive\デスクトップ\ゲームプログラミング実習2021\ゲームプログラミング実習2021 3\gameprogramming\debug\ctaskmanager.obj
c:\users\hiram\onedrive\デスクトップ\ゲームプログラミング実習2021\ゲームプログラミング実習2021 3\gameprogramming\debug\csound.obj
c:\users\hiram\onedrive\デスクトップ\ゲームプログラミング実習2021\ゲームプログラミング実習2021 3\gameprogramming\debug\cscenemanager.obj
c:\users\hiram\onedrive\デスクトップ\ゲームプログラミング実習2021\ゲームプログラミング実習2021 4\gameprogramming\debug\vc142.pdb
c:\users\hiram\onedrive\デスクトップ\ゲームプログラミング実習2021\ゲームプログラミング実習2021 4\gameprogramming\debug\vc142.idb
c:\users\hiram\onedrive\デスクトップ\ゲームプログラミング実習2021\ゲームプログラミング実習2021 4\gameprogramming\debug\cscenegame.obj
c:\users\hiram\onedrive\デスクトップ\ゲームプログラミング実習2021\ゲームプログラミング実習2021 4\gameprogramming\debug\cres.obj
c:\users\hiram\onedrive\デスクトップ\ゲームプログラミング実習2021\ゲームプログラミング実習2021 4\gameprogramming\debug\cplayer.obj
c:\users\hiram\onedrive\デスクトップ\ゲームプログラミング実習2021\ゲームプログラミング実習2021 4\gameprogramming\debug\cmodelx.obj
c:\users\hiram\onedrive\デスクトップ\ゲームプログラミング実習2021\ゲームプログラミング実習2021 4\gameprogramming\debug\cmodel.obj
c:\users\hiram\onedrive\デスクトップ\ゲームプログラミング実習2021\ゲームプログラミング実習2021 4\gameprogramming\debug\cmatrix.obj
c:\users\hiram\onedrive\デスクトップ\ゲームプログラミング実習2021\ゲームプログラミング実習2021 4\gameprogramming\debug\cmaterial.obj
c:\users\hiram\onedrive\デスクトップ\ゲームプログラミング実習2021\ゲームプログラミング実習2021 4\gameprogramming\debug\ckey.obj
c:\users\hiram\onedrive\デスクトップ\ゲームプログラミング実習2021\ゲームプログラミング実習2021 4\gameprogramming\debug\cenemy2.obj
c:\users\hiram\onedrive\デスクトップ\ゲームプログラミング実習2021\ゲームプログラミング実習2021 4\gameprogramming\debug\cenemy.obj
c:\users\hiram\onedrive\デスクトップ\ゲームプログラミング実習2021\ゲームプログラミング実習2021 4\gameprogramming\debug\ceffect.obj
c:\users\hiram\onedrive\デスクトップ\ゲームプログラミング実習2021\ゲームプログラミング実習2021 4\gameprogramming\debug\ccollisionmanager.obj
c:\users\hiram\onedrive\デスクトップ\ゲームプログラミング実習2021\ゲームプログラミング実習2021 4\gameprogramming\debug\ccollidertriangle.obj
c:\users\hiram\onedrive\デスクトップ\ゲームプログラミング実習2021\ゲームプログラミング実習2021 4\gameprogramming\debug\ccollidermesh.obj
c:\users\hiram\onedrive\デスクトップ\ゲームプログラミング実習2021\ゲームプログラミング実習2021 4\gameprogramming\debug\ccolliderline.obj
c:\users\hiram\onedrive\デスクトップ\ゲームプログラミング実習2021\ゲームプログラミング実習2021 4\gameprogramming\debug\ccollider.obj
c:\users\hiram\onedrive\デスクトップ\ゲームプログラミング実習2021\ゲームプログラミング実習2021 4\gameprogramming\debug\ccharacter.obj
c:\users\hiram\onedrive\デスクトップ\ゲームプログラミング実習2021\ゲームプログラミング実習2021 4\gameprogramming\debug\ccamera.obj
c:\users\hiram\onedrive\デスクトップ\ゲームプログラミング実習2021\ゲームプログラミング実習2021 4\gameprogramming\debug\cbullet.obj
c:\users\hiram\onedrive\デスクトップ\ゲームプログラミング実習2021\ゲームプログラミング実習2021 4\gameprogramming\debug\cbillboard.obj
c:\users\hiram\onedrive\デスクトップ\ゲームプログラミング実習2021\ゲームプログラミング実習2021 4\gameprogramming\debug\main.obj
c:\users\hiram\onedrive\デスクトップ\ゲームプログラミング実習2021\ゲームプログラミング実習2021 4\gameprogramming\debug\cvector.obj
c:\users\hiram\onedrive\デスクトップ\ゲームプログラミング実習2021\ゲームプログラミング実習2021 4\gameprogramming\debug\cutil.obj
c:\users\hiram\onedrive\デスクトップ\ゲームプログラミング実習2021\ゲームプログラミング実習2021 4\gameprogramming\debug\ctriangle.obj
c:\users\hiram\onedrive\デスクトップ\ゲームプログラミング実習2021\ゲームプログラミング実習2021 4\gameprogramming\debug\ctransform.obj
c:\users\hiram\onedrive\デスクトップ\ゲームプログラミング実習2021\ゲームプログラミング実習2021 4\gameprogramming\debug\ctexture.obj
c:\users\hiram\onedrive\デスクトップ\ゲームプログラミング実習2021\ゲームプログラミング実習2021 4\gameprogramming\debug\ctext.obj
c:\users\hiram\onedrive\デスクトップ\ゲームプログラミング実習2021\ゲームプログラミング実習2021 4\gameprogramming\debug\ctaskmanager.obj
c:\users\hiram\onedrive\デスクトップ\ゲームプログラミング実習2021\ゲームプログラミング実習2021 4\gameprogramming\debug\csound.obj
c:\users\hiram\onedrive\デスクトップ\ゲームプログラミング実習2021\ゲームプログラミング実習2021 4\gameprogramming\debug\cscenemanager.obj
c:\users\hiram\onedrive\デスクトップ\ゲームプログラミング実習2021\ゲームプログラミング実習2021 5\gameprogramming\debug\vc142.pdb
c:\users\hiram\onedrive\デスクトップ\ゲームプログラミング実習2021\ゲームプログラミング実習2021 5\gameprogramming\debug\vc142.idb
c:\users\hiram\onedrive\デスクトップ\ゲームプログラミング実習2021\ゲームプログラミング実習2021 5\gameprogramming\debug\cscenegame.obj
c:\users\hiram\onedrive\デスクトップ\ゲームプログラミング実習2021\ゲームプログラミング実習2021 5\gameprogramming\debug\cres.obj
c:\users\hiram\onedrive\デスクトップ\ゲームプログラミング実習2021\ゲームプログラミング実習2021 5\gameprogramming\debug\cplayer.obj
c:\users\hiram\onedrive\デスクトップ\ゲームプログラミング実習2021\ゲームプログラミング実習2021 5\gameprogramming\debug\cmodelx.obj
c:\users\hiram\onedrive\デスクトップ\ゲームプログラミング実習2021\ゲームプログラミング実習2021 5\gameprogramming\debug\cmodel.obj
c:\users\hiram\onedrive\デスクトップ\ゲームプログラミング実習2021\ゲームプログラミング実習2021 5\gameprogramming\debug\cmatrix.obj
c:\users\hiram\onedrive\デスクトップ\ゲームプログラミング実習2021\ゲームプログラミング実習2021 5\gameprogramming\debug\cmaterial.obj
c:\users\hiram\onedrive\デスクトップ\ゲームプログラミング実習2021\ゲームプログラミング実習2021 5\gameprogramming\debug\ckey.obj
c:\users\hiram\onedrive\デスクトップ\ゲームプログラミング実習2021\ゲームプログラミング実習2021 5\gameprogramming\debug\cenemy2.obj
c:\users\hiram\onedrive\デスクトップ\ゲームプログラミング実習2021\ゲームプログラミング実習2021 5\gameprogramming\debug\cenemy.obj
c:\users\hiram\onedrive\デスクトップ\ゲームプログラミング実習2021\ゲームプログラミング実習2021 5\gameprogramming\debug\ceffect.obj
c:\users\hiram\onedrive\デスクトップ\ゲームプログラミング実習2021\ゲームプログラミング実習2021 5\gameprogramming\debug\ccollisionmanager.obj
c:\users\hiram\onedrive\デスクトップ\ゲームプログラミング実習2021\ゲームプログラミング実習2021 5\gameprogramming\debug\ccollidertriangle.obj
c:\users\hiram\onedrive\デスクトップ\ゲームプログラミング実習2021\ゲームプログラミング実習2021 5\gameprogramming\debug\ccollidermesh.obj
c:\users\hiram\onedrive\デスクトップ\ゲームプログラミング実習2021\ゲームプログラミング実習2021 5\gameprogramming\debug\ccolliderline.obj
c:\users\hiram\onedrive\デスクトップ\ゲームプログラミング実習2021\ゲームプログラミング実習2021 5\gameprogramming\debug\ccollider.obj
c:\users\hiram\onedrive\デスクトップ\ゲームプログラミング実習2021\ゲームプログラミング実習2021 5\gameprogramming\debug\ccharacter.obj
c:\users\hiram\onedrive\デスクトップ\ゲームプログラミング実習2021\ゲームプログラミング実習2021 5\gameprogramming\debug\ccamera.obj
c:\users\hiram\onedrive\デスクトップ\ゲームプログラミング実習2021\ゲームプログラミング実習2021 5\gameprogramming\debug\cbullet.obj
c:\users\hiram\onedrive\デスクトップ\ゲームプログラミング実習2021\ゲームプログラミング実習2021 5\gameprogramming\debug\cbillboard.obj
c:\users\hiram\onedrive\デスクトップ\ゲームプログラミング実習2021\ゲームプログラミング実習2021 5\gameprogramming\debug\main.obj
c:\users\hiram\onedrive\デスクトップ\ゲームプログラミング実習2021\ゲームプログラミング実習2021 5\gameprogramming\debug\cvector.obj
c:\users\hiram\onedrive\デスクトップ\ゲームプログラミング実習2021\ゲームプログラミング実習2021 5\gameprogramming\debug\cutil.obj
c:\users\hiram\onedrive\デスクトップ\ゲームプログラミング実習2021\ゲームプログラミング実習2021 5\gameprogramming\debug\ctriangle.obj
c:\users\hiram\onedrive\デスクトップ\ゲームプログラミング実習2021\ゲームプログラミング実習2021 5\gameprogramming\debug\ctransform.obj
c:\users\hiram\onedrive\デスクトップ\ゲームプログラミング実習2021\ゲームプログラミング実習2021 5\gameprogramming\debug\ctexture.obj
c:\users\hiram\onedrive\デスクトップ\ゲームプログラミング実習2021\ゲームプログラミング実習2021 5\gameprogramming\debug\ctext.obj
c:\users\hiram\onedrive\デスクトップ\ゲームプログラミング実習2021\ゲームプログラミング実習2021 5\gameprogramming\debug\ctaskmanager.obj
c:\users\hiram\onedrive\デスクトップ\ゲームプログラミング実習2021\ゲームプログラミング実習2021 5\gameprogramming\debug\csound.obj
c:\users\hiram\onedrive\デスクトップ\ゲームプログラミング実習2021\ゲームプログラミング実習2021 5\gameprogramming\debug\cscenemanager.obj
c:\users\hiram\onedrive\デスクトップ\ゲームプログラミング実習2021\ゲームプログラミング実習2021 6\gameprogramming\debug\vc142.pdb
c:\users\hiram\onedrive\デスクトップ\ゲームプログラミング実習2021\ゲームプログラミング実習2021 6\gameprogramming\debug\vc142.idb
c:\users\hiram\onedrive\デスクトップ\ゲームプログラミング実習2021\ゲームプログラミング実習2021 6\gameprogramming\debug\cscenegame.obj
c:\users\hiram\onedrive\デスクトップ\ゲームプログラミング実習2021\ゲームプログラミング実習2021 6\gameprogramming\debug\cres.obj
c:\users\hiram\onedrive\デスクトップ\ゲームプログラミング実習2021\ゲームプログラミング実習2021 6\gameprogramming\debug\cplayer.obj
c:\users\hiram\onedrive\デスクトップ\ゲームプログラミング実習2021\ゲームプログラミング実習2021 6\gameprogramming\debug\cmodelx.obj
c:\users\hiram\onedrive\デスクトップ\ゲームプログラミング実習2021\ゲームプログラミング実習2021 6\gameprogramming\debug\cmodel.obj
c:\users\hiram\onedrive\デスクトップ\ゲームプログラミング実習2021\ゲームプログラミング実習2021 6\gameprogramming\debug\cmatrix.obj
c:\users\hiram\onedrive\デスクトップ\ゲームプログラミング実習2021\ゲームプログラミング実習2021 6\gameprogramming\debug\cmaterial.obj
c:\users\hiram\onedrive\デスクトップ\ゲームプログラミング実習2021\ゲームプログラミング実習2021 6\gameprogramming\debug\ckey.obj
c:\users\hiram\onedrive\デスクトップ\ゲームプログラミング実習2021\ゲームプログラミング実習2021 6\gameprogramming\debug\cenemy2.obj
c:\users\hiram\onedrive\デスクトップ\ゲームプログラミング実習2021\ゲームプログラミング実習2021 6\gameprogramming\debug\cenemy.obj
c:\users\hiram\onedrive\デスクトップ\ゲームプログラミング実習2021\ゲームプログラミング実習2021 6\gameprogramming\debug\ceffect.obj
c:\users\hiram\onedrive\デスクトップ\ゲームプログラミング実習2021\ゲームプログラミング実習2021 6\gameprogramming\debug\ccollisionmanager.obj
c:\users\hiram\onedrive\デスクトップ\ゲームプログラミング実習2021\ゲームプログラミング実習2021 6\gameprogramming\debug\ccollidertriangle.obj
c:\users\hiram\onedrive\デスクトップ\ゲームプログラミング実習2021\ゲームプログラミング実習2021 6\gameprogramming\debug\ccollidermesh.obj
c:\users\hiram\onedrive\デスクトップ\ゲームプログラミング実習2021\ゲームプログラミング実習2021 6\gameprogramming\debug\ccolliderline.obj
c:\users\hiram\onedrive\デスクトップ\ゲームプログラミング実習2021\ゲームプログラミング実習2021 6\gameprogramming\debug\ccollider.obj
c:\users\hiram\onedrive\デスクトップ\ゲームプログラミング実習2021\ゲームプログラミング実習2021 6\gameprogramming\debug\ccharacter.obj
c:\users\hiram\onedrive\デスクトップ\ゲームプログラミング実習2021\ゲームプログラミング実習2021 6\gameprogramming\debug\ccamera.obj
c:\users\hiram\onedrive\デスクトップ\ゲームプログラミング実習2021\ゲームプログラミング実習2021 6\gameprogramming\debug\cbullet.obj
c:\users\hiram\onedrive\デスクトップ\ゲームプログラミング実習2021\ゲームプログラミング実習2021 6\gameprogramming\debug\cbillboard.obj
c:\users\hiram\onedrive\デスクトップ\ゲームプログラミング実習2021\ゲームプログラミング実習2021 6\gameprogramming\debug\main.obj
c:\users\hiram\onedrive\デスクトップ\ゲームプログラミング実習2021\ゲームプログラミング実習2021 6\gameprogramming\debug\cvector.obj
c:\users\hiram\onedrive\デスクトップ\ゲームプログラミング実習2021\ゲームプログラミング実習2021 6\gameprogramming\debug\cutil.obj
c:\users\hiram\onedrive\デスクトップ\ゲームプログラミング実習2021\ゲームプログラミング実習2021 6\gameprogramming\debug\ctriangle.obj
c:\users\hiram\onedrive\デスクトップ\ゲームプログラミング実習2021\ゲームプログラミング実習2021 6\gameprogramming\debug\ctransform.obj
c:\users\hiram\onedrive\デスクトップ\ゲームプログラミング実習2021\ゲームプログラミング実習2021 6\gameprogramming\debug\ctexture.obj
c:\users\hiram\onedrive\デスクトップ\ゲームプログラミング実習2021\ゲームプログラミング実習2021 6\gameprogramming\debug\ctext.obj
c:\users\hiram\onedrive\デスクトップ\ゲームプログラミング実習2021\ゲームプログラミング実習2021 6\gameprogramming\debug\ctaskmanager.obj
c:\users\hiram\onedrive\デスクトップ\ゲームプログラミング実習2021\ゲームプログラミング実習2021 6\gameprogramming\debug\csound.obj
c:\users\hiram\onedrive\デスクトップ\ゲームプログラミング実習2021\ゲームプログラミング実習2021 6\gameprogramming\debug\cscenemanager.obj
c:\users\hiram\onedrive\デスクトップ\ゲームプログラミング実習2021\ゲームプログラミング実習2021 7\gameprogramming\debug\vc142.pdb
c:\users\hiram\onedrive\デスクトップ\ゲームプログラミング実習2021\ゲームプログラミング実習2021 7\gameprogramming\debug\vc142.idb
c:\users\hiram\onedrive\デスクトップ\ゲームプログラミング実習2021\ゲームプログラミング実習2021 7\gameprogramming\debug\cscenegame.obj
c:\users\hiram\onedrive\デスクトップ\ゲームプログラミング実習2021\ゲームプログラミング実習2021 7\gameprogramming\debug\cres.obj
c:\users\hiram\onedrive\デスクトップ\ゲームプログラミング実習2021\ゲームプログラミング実習2021 7\gameprogramming\debug\cplayer.obj
c:\users\hiram\onedrive\デスクトップ\ゲームプログラミング実習2021\ゲームプログラミング実習2021 7\gameprogramming\debug\cmodelx.obj
c:\users\hiram\onedrive\デスクトップ\ゲームプログラミング実習2021\ゲームプログラミング実習2021 7\gameprogramming\debug\cmodel.obj
c:\users\hiram\onedrive\デスクトップ\ゲームプログラミング実習2021\ゲームプログラミング実習2021 7\gameprogramming\debug\cmatrix.obj
c:\users\hiram\onedrive\デスクトップ\ゲームプログラミング実習2021\ゲームプログラミング実習2021 7\gameprogramming\debug\cmaterial.obj
c:\users\hiram\onedrive\デスクトップ\ゲームプログラミング実習2021\ゲームプログラミング実習2021 7\gameprogramming\debug\ckey.obj
c:\users\hiram\onedrive\デスクトップ\ゲームプログラミング実習2021\ゲームプログラミング実習2021 7\gameprogramming\debug\cenemy2.obj
c:\users\hiram\onedrive\デスクトップ\ゲームプログラミング実習2021\ゲームプログラミング実習2021 7\gameprogramming\debug\cenemy.obj
c:\users\hiram\onedrive\デスクトップ\ゲームプログラミング実習2021\ゲームプログラミング実習2021 7\gameprogramming\debug\ceffect.obj
c:\users\hiram\onedrive\デスクトップ\ゲームプログラミング実習2021\ゲームプログラミング実習2021 7\gameprogramming\debug\ccollisionmanager.obj
c:\users\hiram\onedrive\デスクトップ\ゲームプログラミング実習2021\ゲームプログラミング実習2021 7\gameprogramming\debug\ccollidertriangle.obj
c:\users\hiram\onedrive\デスクトップ\ゲームプログラミング実習2021\ゲームプログラミング実習2021 7\gameprogramming\debug\ccollidermesh.obj
c:\users\hiram\onedrive\デスクトップ\ゲームプログラミング実習2021\ゲームプログラミング実習2021 7\gameprogramming\debug\ccolliderline.obj
c:\users\hiram\onedrive\デスクトップ\ゲームプログラミング実習2021\ゲームプログラミング実習2021 7\gameprogramming\debug\ccollider.obj
c:\users\hiram\onedrive\デスクトップ\ゲームプログラミング実習2021\ゲームプログラミング実習2021 7\gameprogramming\debug\ccharacter.obj
c:\users\hiram\onedrive\デスクトップ\ゲームプログラミング実習2021\ゲームプログラミング実習2021 7\gameprogramming\debug\ccamera.obj
c:\users\hiram\onedrive\デスクトップ\ゲームプログラミング実習2021\ゲームプログラミング実習2021 7\gameprogramming\debug\cbullet.obj
c:\users\hiram\onedrive\デスクトップ\ゲームプログラミング実習2021\ゲームプログラミング実習2021 7\gameprogramming\debug\cbillboard.obj
c:\users\hiram\onedrive\デスクトップ\ゲームプログラミング実習2021\ゲームプログラミング実習2021 7\gameprogramming\debug\main.obj
c:\users\hiram\onedrive\デスクトップ\ゲームプログラミング実習2021\ゲームプログラミング実習2021 7\gameprogramming\debug\cvector.obj
c:\users\hiram\onedrive\デスクトップ\ゲームプログラミング実習2021\ゲームプログラミング実習2021 7\gameprogramming\debug\cutil.obj
c:\users\hiram\onedrive\デスクトップ\ゲームプログラミング実習2021\ゲームプログラミング実習2021 7\gameprogramming\debug\ctriangle.obj
c:\users\hiram\onedrive\デスクトップ\ゲームプログラミング実習2021\ゲームプログラミング実習2021 7\gameprogramming\debug\ctransform.obj
c:\users\hiram\onedrive\デスクトップ\ゲームプログラミング実習2021\ゲームプログラミング実習2021 7\gameprogramming\debug\ctexture.obj
c:\users\hiram\onedrive\デスクトップ\ゲームプログラミング実習2021\ゲームプログラミング実習2021 7\gameprogramming\debug\ctext.obj
c:\users\hiram\onedrive\デスクトップ\ゲームプログラミング実習2021\ゲームプログラミング実習2021 7\gameprogramming\debug\ctaskmanager.obj
c:\users\hiram\onedrive\デスクトップ\ゲームプログラミング実習2021\ゲームプログラミング実習2021 7\gameprogramming\debug\csound.obj
c:\users\hiram\onedrive\デスクトップ\ゲームプログラミング実習2021\ゲームプログラミング実習2021 7\gameprogramming\debug\cscenemanager.obj
c:\users\hiram\onedrive\デスクトップ\ゲームプログラミング実習2021\ゲームプログラミング実習2021 8\gameprogramming\debug\vc142.pdb
c:\users\hiram\onedrive\デスクトップ\ゲームプログラミング実習2021\ゲームプログラミング実習2021 8\gameprogramming\debug\vc142.idb
c:\users\hiram\onedrive\デスクトップ\ゲームプログラミング実習2021\ゲームプログラミング実習2021 8\gameprogramming\debug\cscenegame.obj
c:\users\hiram\onedrive\デスクトップ\ゲームプログラミング実習2021\ゲームプログラミング実習2021 8\gameprogramming\debug\cres.obj
c:\users\hiram\onedrive\デスクトップ\ゲームプログラミング実習2021\ゲームプログラミング実習2021 8\gameprogramming\debug\cplayer.obj
c:\users\hiram\onedrive\デスクトップ\ゲームプログラミング実習2021\ゲームプログラミング実習2021 8\gameprogramming\debug\cmodelx.obj
c:\users\hiram\onedrive\デスクトップ\ゲームプログラミング実習2021\ゲームプログラミング実習2021 8\gameprogramming\debug\cmodel.obj
c:\users\hiram\onedrive\デスクトップ\ゲームプログラミング実習2021\ゲームプログラミング実習2021 8\gameprogramming\debug\cmatrix.obj
c:\users\hiram\onedrive\デスクトップ\ゲームプログラミング実習2021\ゲームプログラミング実習2021 8\gameprogramming\debug\cmaterial.obj
c:\users\hiram\onedrive\デスクトップ\ゲームプログラミング実習2021\ゲームプログラミング実習2021 8\gameprogramming\debug\ckey.obj
c:\users\hiram\onedrive\デスクトップ\ゲームプログラミング実習2021\ゲームプログラミング実習2021 8\gameprogramming\debug\cenemy2.obj
c:\users\hiram\onedrive\デスクトップ\ゲームプログラミング実習2021\ゲームプログラミング実習2021 8\gameprogramming\debug\cenemy.obj
c:\users\hiram\onedrive\デスクトップ\ゲームプログラミング実習2021\ゲームプログラミング実習2021 8\gameprogramming\debug\ceffect.obj
c:\users\hiram\onedrive\デスクトップ\ゲームプログラミング実習2021\ゲームプログラミング実習2021 8\gameprogramming\debug\ccollisionmanager.obj
c:\users\hiram\onedrive\デスクトップ\ゲームプログラミング実習2021\ゲームプログラミング実習2021 8\gameprogramming\debug\ccollidertriangle.obj
c:\users\hiram\onedrive\デスクトップ\ゲームプログラミング実習2021\ゲームプログラミング実習2021 8\gameprogramming\debug\ccollidermesh.obj
c:\users\hiram\onedrive\デスクトップ\ゲームプログラミング実習2021\ゲームプログラミング実習2021 8\gameprogramming\debug\ccolliderline.obj
c:\users\hiram\onedrive\デスクトップ\ゲームプログラミング実習2021\ゲームプログラミング実習2021 8\gameprogramming\debug\ccollider.obj
c:\users\hiram\onedrive\デスクトップ\ゲームプログラミング実習2021\ゲームプログラミング実習2021 8\gameprogramming\debug\ccharacter.obj
c:\users\hiram\onedrive\デスクトップ\ゲームプログラミング実習2021\ゲームプログラミング実習2021 8\gameprogramming\debug\ccamera.obj
c:\users\hiram\onedrive\デスクトップ\ゲームプログラミング実習2021\ゲームプログラミング実習2021 8\gameprogramming\debug\cbullet.obj
c:\users\hiram\onedrive\デスクトップ\ゲームプログラミング実習2021\ゲームプログラミング実習2021 8\gameprogramming\debug\cbillboard.obj
c:\users\hiram\onedrive\デスクトップ\ゲームプログラミング実習2021\ゲームプログラミング実習2021 8\gameprogramming\debug\main.obj
c:\users\hiram\onedrive\デスクトップ\ゲームプログラミング実習2021\ゲームプログラミング実習2021 8\gameprogramming\debug\cvector.obj
c:\users\hiram\onedrive\デスクトップ\ゲームプログラミング実習2021\ゲームプログラミング実習2021 8\gameprogramming\debug\cutil.obj
c:\users\hiram\onedrive\デスクトップ\ゲームプログラミング実習2021\ゲームプログラミング実習2021 8\gameprogramming\debug\ctriangle.obj
c:\users\hiram\onedrive\デスクトップ\ゲームプログラミング実習2021\ゲームプログラミング実習2021 8\gameprogramming\debug\ctransform.obj
c:\users\hiram\onedrive\デスクトップ\ゲームプログラミング実習2021\ゲームプログラミング実習2021 8\gameprogramming\debug\ctexture.obj
c:\users\hiram\onedrive\デスクトップ\ゲームプログラミング実習2021\ゲームプログラミング実習2021 8\gameprogramming\debug\ctext.obj
c:\users\hiram\onedrive\デスクトップ\ゲームプログラミング実習2021\ゲームプログラミング実習2021 8\gameprogramming\debug\ctaskmanager.obj
c:\users\hiram\onedrive\デスクトップ\ゲームプログラミング実習2021\ゲームプログラミング実習2021 8\gameprogramming\debug\csound.obj
c:\users\hiram\onedrive\デスクトップ\ゲームプログラミング実習2021\ゲームプログラミング実習2021 8\gameprogramming\debug\cscenemanager.obj
c:\users\hiram\onedrive\デスクトップ\ゲームプログラミング実習2021\ゲームプログラミング実習2021 9\gameprogramming\debug\vc142.pdb
c:\users\hiram\onedrive\デスクトップ\ゲームプログラミング実習2021\ゲームプログラミング実習2021 9\gameprogramming\debug\vc142.idb
c:\users\hiram\onedrive\デスクトップ\ゲームプログラミング実習2021\ゲームプログラミング実習2021 9\gameprogramming\debug\cscenegame.obj
c:\users\hiram\onedrive\デスクトップ\ゲームプログラミング実習2021\ゲームプログラミング実習2021 9\gameprogramming\debug\cres.obj
c:\users\hiram\onedrive\デスクトップ\ゲームプログラミング実習2021\ゲームプログラミング実習2021 9\gameprogramming\debug\cplayer.obj
c:\users\hiram\onedrive\デスクトップ\ゲームプログラミング実習2021\ゲームプログラミング実習2021 9\gameprogramming\debug\cmodelx.obj
c:\users\hiram\onedrive\デスクトップ\ゲームプログラミング実習2021\ゲームプログラミング実習2021 9\gameprogramming\debug\cmodel.obj
c:\users\hiram\onedrive\デスクトップ\ゲームプログラミング実習2021\ゲームプログラミング実習2021 9\gameprogramming\debug\cmatrix.obj
c:\users\hiram\onedrive\デスクトップ\ゲームプログラミング実習2021\ゲームプログラミング実習2021 9\gameprogramming\debug\cmaterial.obj
c:\users\hiram\onedrive\デスクトップ\ゲームプログラミング実習2021\ゲームプログラミング実習2021 9\gameprogramming\debug\ckey.obj
c:\users\hiram\onedrive\デスクトップ\ゲームプログラミング実習2021\ゲームプログラミング実習2021 9\gameprogramming\debug\cenemy2.obj
c:\users\hiram\onedrive\デスクトップ\ゲームプログラミング実習2021\ゲームプログラミング実習2021 9\gameprogramming\debug\cenemy.obj
c:\users\hiram\onedrive\デスクトップ\ゲームプログラミング実習2021\ゲームプログラミング実習2021 9\gameprogramming\debug\ceffect.obj
c:\users\hiram\onedrive\デスクトップ\ゲームプログラミング実習2021\ゲームプログラミング実習2021 9\gameprogramming\debug\ccollisionmanager.obj
c:\users\hiram\onedrive\デスクトップ\ゲームプログラミング実習2021\ゲームプログラミング実習2021 9\gameprogramming\debug\ccollidertriangle.obj
c:\users\hiram\onedrive\デスクトップ\ゲームプログラミング実習2021\ゲームプログラミング実習2021 9\gameprogramming\debug\ccollidermesh.obj
c:\users\hiram\onedrive\デスクトップ\ゲームプログラミング実習2021\ゲームプログラミング実習2021 9\gameprogramming\debug\ccolliderline.obj
c:\users\hiram\onedrive\デスクトップ\ゲームプログラミング実習2021\ゲームプログラミング実習2021 9\gameprogramming\debug\ccollider.obj
c:\users\hiram\onedrive\デスクトップ\ゲームプログラミング実習2021\ゲームプログラミング実習2021 9\gameprogramming\debug\ccharacter.obj
c:\users\hiram\onedrive\デスクトップ\ゲームプログラミング実習2021\ゲームプログラミング実習2021 9\gameprogramming\debug\ccamera.obj
c:\users\hiram\onedrive\デスクトップ\ゲームプログラミング実習2021\ゲームプログラミング実習2021 9\gameprogramming\debug\cbullet.obj
c:\users\hiram\onedrive\デスクトップ\ゲームプログラミング実習2021\ゲームプログラミング実習2021 9\gameprogramming\debug\cbillboard.obj
c:\users\hiram\onedrive\デスクトップ\ゲームプログラミング実習2021\ゲームプログラミング実習2021 9\gameprogramming\debug\main.obj
c:\users\hiram\onedrive\デスクトップ\ゲームプログラミング実習2021\ゲームプログラミング実習2021 9\gameprogramming\debug\cvector.obj
c:\users\hiram\onedrive\デスクトップ\ゲームプログラミング実習2021\ゲームプログラミング実習2021 9\gameprogramming\debug\cutil.obj
c:\users\hiram\onedrive\デスクトップ\ゲームプログラミング実習2021\ゲームプログラミング実習2021 9\gameprogramming\debug\ctriangle.obj
c:\users\hiram\onedrive\デスクトップ\ゲームプログラミング実習2021\ゲームプログラミング実習2021 9\gameprogramming\debug\ctransform.obj
c:\users\hiram\onedrive\デスクトップ\ゲームプログラミング実習2021\ゲームプログラミング実習2021 9\gameprogramming\debug\ctexture.obj
c:\users\hiram\onedrive\デスクトップ\ゲームプログラミング実習2021\ゲームプログラミング実習2021 9\gameprogramming\debug\ctext.obj
c:\users\hiram\onedrive\デスクトップ\ゲームプログラミング実習2021\ゲームプログラミング実習2021 9\gameprogramming\debug\ctaskmanager.obj
c:\users\hiram\onedrive\デスクトップ\ゲームプログラミング実習2021\ゲームプログラミング実習2021 9\gameprogramming\debug\csound.obj
c:\users\hiram\onedrive\デスクトップ\ゲームプログラミング実習2021\ゲームプログラミング実習2021 9\gameprogramming\debug\cscenemanager.obj
c:\users\hiram\onedrive\デスクトップ\git\gameprogramming\ゲームプログラミング実習2021\ゲームプログラミング実習2021 9\gameprogramming\debug\vc142.pdb
c:\users\hiram\onedrive\デスクトップ\git\gameprogramming\ゲームプログラミング実習2021\ゲームプログラミング実習2021 9\gameprogramming\debug\vc142.idb
c:\users\hiram\onedrive\デスクトップ\git\gameprogramming\ゲームプログラミング実習2021\ゲームプログラミング実習2021 9\gameprogramming\debug\cplayer.obj
c:\users\hiram\onedrive\デスクトップ\git\gameprogramming\ゲームプログラミング実習2021\ゲームプログラミング実習2021 9\gameprogramming\debug\cmodel.obj
c:\users\hiram\onedrive\デスクトップ\git\gameprogramming\ゲームプログラミング実習2021\ゲームプログラミング実習2021 9\gameprogramming\debug\cmatrix.obj
c:\users\hiram\onedrive\デスクトップ\git\gameprogramming\ゲームプログラミング実習2021\ゲームプログラミング実習2021 9\gameprogramming\debug\cmaterial.obj
c:\users\hiram\onedrive\デスクトップ\git\gameprogramming\ゲームプログラミング実習2021\ゲームプログラミング実習2021 9\gameprogramming\debug\ckey.obj
c:\users\hiram\onedrive\デスクトップ\git\gameprogramming\ゲームプログラミング実習2021\ゲームプログラミング実習2021 9\gameprogramming\debug\cenemy2.obj
c:\users\hiram\onedrive\デスクトップ\git\gameprogramming\ゲームプログラミング実習2021\ゲームプログラミング実習2021 9\gameprogramming\debug\cenemy.obj
c:\users\hiram\onedrive\デスクトップ\git\gameprogramming\ゲームプログラミング実習2021\ゲームプログラミング実習2021 9\gameprogramming\debug\ceffect.obj
c:\users\hiram\onedrive\デスクトップ\git\gameprogramming\ゲームプログラミング実習2021\ゲームプログラミング実習2021 9\gameprogramming\debug\ccollisionmanager.obj
c:\users\hiram\onedrive\デスクトップ\git\gameprogramming\ゲームプログラミング実習2021\ゲームプログラミング実習2021 9\gameprogramming\debug\ccollidertriangle.obj
c:\users\hiram\onedrive\デスクトップ\git\gameprogramming\ゲームプログラミング実習2021\ゲームプログラミング実習2021 9\gameprogramming\debug\ccollidermesh.obj
c:\users\hiram\onedrive\デスクトップ\git\gameprogramming\ゲームプログラミング実習2021\ゲームプログラミング実習2021 9\gameprogramming\debug\ccolliderline.obj
c:\users\hiram\onedrive\デスクトップ\git\gameprogramming\ゲームプログラミング実習2021\ゲームプログラミング実習2021 9\gameprogramming\debug\ccollider.obj
c:\users\hiram\onedrive\デスクトップ\git\gameprogramming\ゲームプログラミング実習2021\ゲームプログラミング実習2021 9\gameprogramming\debug\ccharacter.obj
c:\users\hiram\onedrive\デスクトップ\git\gameprogramming\ゲームプログラミング実習2021\ゲームプログラミング実習2021 9\gameprogramming\debug\ccamera.obj
c:\users\hiram\onedrive\デスクトップ\git\gameprogramming\ゲームプログラミング実習2021\ゲームプログラミング実習2021 9\gameprogramming\debug\cbullet.obj
c:\users\hiram\onedrive\デスクトップ\git\gameprogramming\ゲームプログラミング実習2021\ゲームプログラミング実習2021 9\gameprogramming\debug\cbillboard.obj
c:\users\hiram\onedrive\デスクトップ\git\gameprogramming\ゲームプログラミング実習2021\ゲームプログラミング実習2021 9\gameprogramming\debug\main.obj
c:\users\hiram\onedrive\デスクトップ\git\gameprogramming\ゲームプログラミング実習2021\ゲームプログラミング実習2021 9\gameprogramming\debug\cvector.obj
c:\users\hiram\onedrive\デスクトップ\git\gameprogramming\ゲームプログラミング実習2021\ゲームプログラミング実習2021 9\gameprogramming\debug\cutil.obj
c:\users\hiram\onedrive\デスクトップ\git\gameprogramming\ゲームプログラミング実習2021\ゲームプログラミング実習2021 9\gameprogramming\debug\ctriangle.obj
c:\users\hiram\onedrive\デスクトップ\git\gameprogramming\ゲームプログラミング実習2021\ゲームプログラミング実習2021 9\gameprogramming\debug\ctransform.obj
c:\users\hiram\onedrive\デスクトップ\git\gameprogramming\ゲームプログラミング実習2021\ゲームプログラミング実習2021 9\gameprogramming\debug\ctexture.obj
c:\users\hiram\onedrive\デスクトップ\git\gameprogramming\ゲームプログラミング実習2021\ゲームプログラミング実習2021 9\gameprogramming\debug\ctext.obj
c:\users\hiram\onedrive\デスクトップ\git\gameprogramming\ゲームプログラミング実習2021\ゲームプログラミング実習2021 9\gameprogramming\debug\ctaskmanager.obj
c:\users\hiram\onedrive\デスクトップ\git\gameprogramming\ゲームプログラミング実習2021\ゲームプログラミング実習2021 9\gameprogramming\debug\csound.obj
c:\users\hiram\onedrive\デスクトップ\git\gameprogramming\ゲームプログラミング実習2021\ゲームプログラミング実習2021 9\gameprogramming\debug\cscenemanager.obj
c:\users\hiram\onedrive\デスクトップ\ゲームプログラミング実習2021\ゲームプログラミング実習2021 1\debug\gameprogramming.exe
c:\users\hiram\onedrive\デスクトップ\ゲームプログラミング実習2021\ゲームプログラミング実習2021 1\debug\gameprogramming.ilk
c:\users\hiram\onedrive\デスクトップ\ゲームプログラミング実習2021\ゲームプログラミング実習2021 1\debug\gameprogramming.pdb
c:\users\hiram\onedrive\デスクトップ\ゲームプログラミング実習2021\ゲームプログラミング実習2021 2\debug\gameprogramming.exe
c:\users\hiram\onedrive\デスクトップ\ゲームプログラミング実習2021\ゲームプログラミング実習2021 2\debug\gameprogramming.ilk
c:\users\hiram\onedrive\デスクトップ\ゲームプログラミング実習2021\ゲームプログラミング実習2021 2\debug\gameprogramming.pdb
c:\users\hiram\onedrive\デスクトップ\ゲームプログラミング実習2021\ゲームプログラミング実習2021 3\debug\gameprogramming.exe
c:\users\hiram\onedrive\デスクトップ\ゲームプログラミング実習2021\ゲームプログラミング実習2021 3\debug\gameprogramming.ilk
c:\users\hiram\onedrive\デスクトップ\ゲームプログラミング実習2021\ゲームプログラミング実習2021 3\debug\gameprogramming.pdb
c:\users\hiram\onedrive\デスクトップ\ゲームプログラミング実習2021\ゲームプログラミング実習2021 4\debug\gameprogramming.exe
c:\users\hiram\onedrive\デスクトップ\ゲームプログラミング実習2021\ゲームプログラミング実習2021 4\debug\gameprogramming.ilk
c:\users\hiram\onedrive\デスクトップ\ゲームプログラミング実習2021\ゲームプログラミング実習2021 4\debug\gameprogramming.pdb
c:\users\hiram\onedrive\デスクトップ\ゲームプログラミング実習2021\ゲームプログラミング実習2021 5\debug\gameprogramming.exe
c:\users\hiram\onedrive\デスクトップ\ゲームプログラミング実習2021\ゲームプログラミング実習2021 5\debug\gameprogramming.ilk
c:\users\hiram\onedrive\デスクトップ\ゲームプログラミング実習2021\ゲームプログラミング実習2021 5\debug\gameprogramming.pdb
c:\users\hiram\onedrive\デスクトップ\ゲームプログラミング実習2021\ゲームプログラミング実習2021 6\debug\gameprogramming.exe
c:\users\hiram\onedrive\デスクトップ\ゲームプログラミング実習2021\ゲームプログラミング実習2021 6\debug\gameprogramming.ilk
c:\users\hiram\onedrive\デスクトップ\ゲームプログラミング実習2021\ゲームプログラミング実習2021 6\debug\gameprogramming.pdb
c:\users\hiram\onedrive\デスクトップ\ゲームプログラミング実習2021\ゲームプログラミング実習2021 7\debug\gameprogramming.exe
c:\users\hiram\onedrive\デスクトップ\ゲームプログラミング実習2021\ゲームプログラミング実習2021 7\debug\gameprogramming.ilk
c:\users\hiram\onedrive\デスクトップ\ゲームプログラミング実習2021\ゲームプログラミング実習2021 7\debug\gameprogramming.pdb
c:\users\hiram\onedrive\デスクトップ\ゲームプログラミング実習2021\ゲームプログラミング実習2021 8\debug\gameprogramming.exe
c:\users\hiram\onedrive\デスクトップ\ゲームプログラミング実習2021\ゲームプログラミング実習2021 8\debug\gameprogramming.ilk
c:\users\hiram\onedrive\デスクトップ\ゲームプログラミング実習2021\ゲームプログラミング実習2021 8\debug\gameprogramming.pdb
c:\users\hiram\onedrive\デスクトップ\ゲームプログラミング実習2021\ゲームプログラミング実習2021 9\debug\gameprogramming.exe
c:\users\hiram\onedrive\デスクトップ\ゲームプログラミング実習2021\ゲームプログラミング実習2021 9\debug\gameprogramming.ilk
c:\users\hiram\onedrive\デスクトップ\ゲームプログラミング実習2021\ゲームプログラミング実習2021 9\debug\gameprogramming.pdb
c:\users\hiram\onedrive\デスクトップ\git\gameprogramming\ゲームプログラミング実習2021\ゲームプログラミング実習2021 9\gameprogramming\debug\cmodelx.obj
c:\users\hiram\onedrive\デスクトップ\git\gameprogramming\ゲームプログラミング実習2021\ゲームプログラミング実習2021 9\gameprogramming\debug\cres.obj
c:\users\hiram\onedrive\デスクトップ\git\gameprogramming\ゲームプログラミング実習2021\ゲームプログラミング実習2021 9\gameprogramming\debug\cscenegame.obj
c:\users\hiram\onedrive\デスクトップ\git\gameprogramming\ゲームプログラミング実習2021\ゲームプログラミング実習2021 9\debug\gameprogramming.pdb
c:\users\hiram\onedrive\デスクトップ\git\gameprogramming\ゲームプログラミング実習2021\ゲームプログラミング実習2021 9\debug\gameprogramming.exe
c:\users\hiram\onedrive\デスクトップ\git\gameprogramming\ゲームプログラミング実習2021\ゲームプログラミング実習2021 9\debug\gameprogramming.ilk
c:\users\hiram\onedrive\デスクトップ\git\gameprogramming\ゲームプログラミング実習2021\ゲームプログラミング実習2021 9\gameprogramming\debug\gameprogramming.tlog\cl.command.1.tlog
c:\users\hiram\onedrive\デスクトップ\git\gameprogramming\ゲームプログラミング実習2021\ゲームプログラミング実習2021 9\gameprogramming\debug\gameprogramming.tlog\cl.read.1.tlog
c:\users\hiram\onedrive\デスクトップ\git\gameprogramming\ゲームプログラミング実習2021\ゲームプログラミング実習2021 9\gameprogramming\debug\gameprogramming.tlog\cl.write.1.tlog
c:\users\hiram\onedrive\デスクトップ\git\gameprogramming\ゲームプログラミング実習2021\ゲームプログラミング実習2021 9\gameprogramming\debug\gameprogramming.tlog\link.command.1.tlog
c:\users\hiram\onedrive\デスクトップ\git\gameprogramming\ゲームプログラミング実習2021\ゲームプログラミング実習2021 9\gameprogramming\debug\gameprogramming.tlog\link.read.1.tlog
c:\users\hiram\onedrive\デスクトップ\git\gameprogramming\ゲームプログラミング実習2021\ゲームプログラミング実習2021 9\gameprogramming\debug\gameprogramming.tlog\link.write.1.tlog
